<?xml version="1.0" encoding="UTF-8"?>
<testng-results ignored="0" total="1" passed="1" failed="0" skipped="0">
  <reporter-output>
  </reporter-output>
  <suite started-at="2024-07-09T14:17:13 EDT" name="Default suite" finished-at="2024-07-09T14:17:32 EDT" duration-ms="19041">
    <groups>
      <group name="cucumber">
        <method signature="AbstractTestNGCucumberTests.runScenario(io.cucumber.testng.PickleWrapper,io.cucumber.testng.FeatureWrapper)[pri:0, instance:com.runner.Runner@68c9d179]" name="runScenario" class="io.cucumber.testng.AbstractTestNGCucumberTests"/>
      </group> <!-- cucumber -->
    </groups>
    <test started-at="2024-07-09T14:17:13 EDT" name="Default test" finished-at="2024-07-09T14:17:32 EDT" duration-ms="19041">
      <class name="com.runner.Runner">
        <test-method is-config="true" signature="setUpClass(org.testng.ITestContext)[pri:0, instance:com.runner.Runner@68c9d179]" started-at="2024-07-09T14:17:13 EDT" name="setUpClass" finished-at="2024-07-09T14:17:14 EDT" duration-ms="853" status="PASS">
          <params>
            <param index="0">
              <value>
                <![CDATA[org.testng.TestRunner@7e4579c7]]>
              </value>
            </param>
          </params>
          <reporter-output>
          </reporter-output>
        </test-method> <!-- setUpClass -->
        <test-method signature="runScenario(io.cucumber.testng.PickleWrapper,io.cucumber.testng.FeatureWrapper)[pri:0, instance:com.runner.Runner@68c9d179]" started-at="2024-07-09T14:17:14 EDT" name="runScenario" description="Runs Cucumber Scenarios" data-provider="scenarios" finished-at="2024-07-09T14:17:32 EDT" duration-ms="18081" status="PASS">
          <params>
            <param index="0">
              <value>
                <![CDATA["Test the login for particular user"]]>
              </value>
            </param>
            <param index="1">
              <value>
                <![CDATA["Test the login functionality in orange HRM website"]]>
              </value>
            </param>
          </params>
          <reporter-output>
          </reporter-output>
        </test-method> <!-- runScenario -->
        <test-method is-config="true" signature="tearDownClass()[pri:0, instance:com.runner.Runner@68c9d179]" started-at="2024-07-09T14:17:32 EDT" name="tearDownClass" finished-at="2024-07-09T14:17:32 EDT" duration-ms="36" status="PASS">
          <reporter-output>
          </reporter-output>
        </test-method> <!-- tearDownClass -->
      </class> <!-- com.runner.Runner -->
    </test> <!-- Default test -->
  </suite> <!-- Default suite -->
</testng-results>
